<?xml version="1.0" encoding="UTF-8"?>
<!-- Generated by org.testng.reporters.JUnitReportReporter -->
<testsuite hostname="SubhadeepLaptop" failures="0" tests="3" name="com.fb.test.TestMethod" time="86.733" errors="0" timestamp="30 Aug 2020 16:55:54 GMT" skipped="0">
  <testcase classname="com.fb.test.TestMethod" name="fbLogin" time="29.581"/>
  <testcase classname="com.fb.test.TestMethod" name="fbLogin" time="27.696"/>
  <testcase classname="com.fb.test.TestMethod" name="fbLogin" time="29.456"/>
</testsuite> <!-- com.fb.test.TestMethod -->
